[2026-02-06T05:16:31.315Z] wait_challenge start
[2026-02-06T05:16:31.350Z] wait_challenge ok 35ms
[2026-02-06T05:16:34.515Z] connect_wallet start
[2026-02-06T05:17:04.529Z] connect_wallet fail 30014ms [2mexpect([22m[31mlocator[39m[2m).[22mtoBeVisible[2m([22m[2m)[22m failed

Locator: getByRole('button', { name: /connect|wallet|è¿æ¥|é’±åŒ…/i }).first()
Expected: visible
Timeout: 30000ms
Error: element(s) not found

Call log:
[2m  - Expect "toBeVisible" with timeout 30000ms[22m
[2m  - waiting for getByRole('button', { name: /connect|wallet|è¿æ¥|é’±åŒ…/i }).first()[22m

[2026-02-10T06:36:16.919Z] wait_challenge start
[2026-02-10T06:40:21.270Z] wait_challenge fail 244351ms page.waitForTimeout: Target page, context or browser has been closed
[2026-02-10T06:41:56.649Z] wait_challenge start
[2026-02-10T06:42:57.588Z] wait_challenge fail 60939ms éªŒè¯ç æœªåœ¨ 60 ç§’å†…å®Œæˆï¼Œè¯·æ‰‹åŠ¨å®ŒæˆéªŒè¯åé‡è¯•
[2026-02-10T06:56:25.106Z] wait_challenge start
[2026-02-10T06:58:27.280Z] wait_challenge fail 122174ms page.waitForTimeout: Target page, context or browser has been closed
[2026-02-10T07:00:23.269Z] wait_challenge start
[2026-02-10T07:00:53.884Z] wait_challenge fail 30615ms éªŒè¯ç æœªåœ¨ 30 ç§’å†…å®Œæˆï¼Œè¯·æ‰‹åŠ¨å®ŒæˆéªŒè¯åé‡è¯•
[2026-02-10T07:03:25.654Z] wait_challenge start
[2026-02-10T07:03:25.759Z] wait_challenge ok 105ms
[2026-02-10T07:03:26.022Z] connect_wallet start
[2026-02-10T07:03:59.483Z] connect_wallet fail 33461ms éªŒè¯ç æœªåœ¨ 30 ç§’å†…å®Œæˆï¼Œè¯·æ‰‹åŠ¨å®ŒæˆéªŒè¯åé‡è¯•
